<?xml version="1.0" encoding="UTF-8"?>
<!-- Generated by org.testng.reporters.JUnitXMLReporter -->
<testsuite ignored="0" hostname="Chaitanya" failures="0" tests="3" name="Test" time="11.914" errors="0" timestamp="2021-03-20T14:53:42 IST">
  <testcase classname="Sino.Myriad.AppTest" name="shouldAnswerWithTrue" time="0.001"/>
  <testcase classname="Sino.Myriad.SetupTeardown" name="birnger" time="2.075"/>
  <testcase classname="Sino.Myriad.SetupTeardown" name="stinger" time="9.615"/>
</testsuite> <!-- Test -->
