<?xml version="1.0" encoding="UTF-8"?>
<testng-results ignored="0" total="2" passed="2" failed="0" skipped="0">
  <reporter-output>
  </reporter-output>
  <suite started-at="2021-03-19T22:01:47 IST" name="Suite" finished-at="2021-03-19T22:01:50 IST" duration-ms="2695">
    <groups>
    </groups>
    <test started-at="2021-03-19T22:01:47 IST" name="Test" finished-at="2021-03-19T22:01:50 IST" duration-ms="2695">
      <class name="Sino.Myriad.AppTest">
        <test-method signature="shouldAnswerWithTrue()[pri:0, instance:Sino.Myriad.AppTest@4d910fd6]" started-at="2021-03-19T22:01:48 IST" name="shouldAnswerWithTrue" finished-at="2021-03-19T22:01:48 IST" duration-ms="1" status="PASS">
          <reporter-output>
          </reporter-output>
        </test-method> <!-- shouldAnswerWithTrue -->
      </class> <!-- Sino.Myriad.AppTest -->
      <class name="Sino.Myriad.SetupTeardown">
        <test-method is-config="true" signature="Setup()[pri:0, instance:Sino.Myriad.SetupTeardown@6bedbc4d]" started-at="2021-03-19T22:01:42 IST" name="Setup" finished-at="2021-03-19T22:01:47 IST" duration-ms="5675" status="PASS">
          <reporter-output>
          </reporter-output>
        </test-method> <!-- Setup -->
        <test-method is-config="true" signature="config()[pri:0, instance:Sino.Myriad.SetupTeardown@6bedbc4d]" started-at="2021-03-19T22:01:47 IST" name="config" finished-at="2021-03-19T22:01:48 IST" duration-ms="309" status="PASS">
          <reporter-output>
          </reporter-output>
        </test-method> <!-- config -->
        <test-method signature="birnger()[pri:0, instance:Sino.Myriad.SetupTeardown@6bedbc4d]" started-at="2021-03-19T22:01:48 IST" name="birnger" finished-at="2021-03-19T22:01:50 IST" duration-ms="2364" status="PASS">
          <reporter-output>
          </reporter-output>
        </test-method> <!-- birnger -->
        <test-method is-config="true" signature="Teardown()[pri:0, instance:Sino.Myriad.SetupTeardown@6bedbc4d]" started-at="2021-03-19T22:01:50 IST" name="Teardown" finished-at="2021-03-19T22:01:53 IST" duration-ms="2673" status="PASS">
          <reporter-output>
          </reporter-output>
        </test-method> <!-- Teardown -->
      </class> <!-- Sino.Myriad.SetupTeardown -->
    </test> <!-- Test -->
  </suite> <!-- Suite -->
</testng-results>
