<?xml version="1.0" encoding="UTF-8"?>
<testng-results ignored="0" total="2" passed="2" failed="0" skipped="0">
  <reporter-output>
  </reporter-output>
  <suite started-at="2021-03-20T14:42:30 IST" name="Suite" finished-at="2021-03-20T14:42:34 IST" duration-ms="3328">
    <groups>
    </groups>
    <test started-at="2021-03-20T14:42:30 IST" name="Test" finished-at="2021-03-20T14:42:34 IST" duration-ms="3328">
      <class name="Sino.Myriad.AppTest">
        <test-method signature="shouldAnswerWithTrue()[pri:0, instance:Sino.Myriad.AppTest@4d910fd6]" started-at="2021-03-20T14:42:31 IST" name="shouldAnswerWithTrue" finished-at="2021-03-20T14:42:31 IST" duration-ms="1" status="PASS">
          <reporter-output>
          </reporter-output>
        </test-method> <!-- shouldAnswerWithTrue -->
      </class> <!-- Sino.Myriad.AppTest -->
      <class name="Sino.Myriad.SetupTeardown">
        <test-method is-config="true" signature="Setup()[pri:0, instance:Sino.Myriad.SetupTeardown@6bedbc4d]" started-at="2021-03-20T14:42:25 IST" name="Setup" finished-at="2021-03-20T14:42:30 IST" duration-ms="5096" status="PASS">
          <reporter-output>
          </reporter-output>
        </test-method> <!-- Setup -->
        <test-method is-config="true" signature="config()[pri:0, instance:Sino.Myriad.SetupTeardown@6bedbc4d]" started-at="2021-03-20T14:42:30 IST" name="config" finished-at="2021-03-20T14:42:31 IST" duration-ms="255" status="PASS">
          <reporter-output>
          </reporter-output>
        </test-method> <!-- config -->
        <test-method signature="birnger()[pri:0, instance:Sino.Myriad.SetupTeardown@6bedbc4d]" started-at="2021-03-20T14:42:31 IST" name="birnger" finished-at="2021-03-20T14:42:34 IST" duration-ms="3039" status="PASS">
          <reporter-output>
          </reporter-output>
        </test-method> <!-- birnger -->
        <test-method is-config="true" signature="Teardown()[pri:0, instance:Sino.Myriad.SetupTeardown@6bedbc4d]" started-at="2021-03-20T14:42:34 IST" name="Teardown" finished-at="2021-03-20T14:42:36 IST" duration-ms="2721" status="PASS">
          <reporter-output>
          </reporter-output>
        </test-method> <!-- Teardown -->
      </class> <!-- Sino.Myriad.SetupTeardown -->
    </test> <!-- Test -->
  </suite> <!-- Suite -->
</testng-results>
