<?xml version="1.0" encoding="UTF-8"?>
<testng-results ignored="0" total="1" passed="1" failed="0" skipped="0">
  <reporter-output>
  </reporter-output>
  <suite started-at="2021-03-17T20:34:01 IST" name="Default suite" finished-at="2021-03-17T20:34:01 IST" duration-ms="52">
    <groups>
    </groups>
    <test started-at="2021-03-17T20:34:01 IST" name="Default test" finished-at="2021-03-17T20:34:01 IST" duration-ms="52">
      <class name="Sino.Myriad.AppTest">
        <test-method signature="shouldAnswerWithTrue()[pri:0, instance:Sino.Myriad.AppTest@693fe6c9]" started-at="2021-03-17T20:34:01 IST" name="shouldAnswerWithTrue" finished-at="2021-03-17T20:34:01 IST" duration-ms="11" status="PASS">
          <reporter-output>
          </reporter-output>
        </test-method> <!-- shouldAnswerWithTrue -->
      </class> <!-- Sino.Myriad.AppTest -->
      <class name="Sino.Myriad.SetupTeardown">
        <test-method is-config="true" signature="Setup()[pri:0, instance:Sino.Myriad.SetupTeardown@5562c41e]" started-at="2021-03-17T20:33:57 IST" name="Setup" finished-at="2021-03-17T20:34:01 IST" duration-ms="4378" status="PASS">
          <reporter-output>
          </reporter-output>
        </test-method> <!-- Setup -->
        <test-method is-config="true" signature="Teardown()[pri:0, instance:Sino.Myriad.SetupTeardown@5562c41e]" started-at="2021-03-17T20:34:01 IST" name="Teardown" finished-at="2021-03-17T20:34:02 IST" duration-ms="678" status="PASS">
          <reporter-output>
          </reporter-output>
        </test-method> <!-- Teardown -->
      </class> <!-- Sino.Myriad.SetupTeardown -->
    </test> <!-- Default test -->
  </suite> <!-- Default suite -->
</testng-results>
